            --------------------------------------------------------
                             AMBER SQM VERSION 19
 
                                     By
              Ross C. Walker, Michael F. Crowley, Scott Brozell,
                         Tim Giese, Andreas W. Goetz,
                        Tai-Sung Lee and David A. Case
 
            --------------------------------------------------------
 

--------------------------------------------------------------------------------
  QM CALCULATION INFO
--------------------------------------------------------------------------------

| QMMM: Citation for AMBER QMMM Run:
| QMMM: R.C. Walker, M.F. Crowley and D.A. Case, J. COMP. CHEM. 29:1019, 2008

QMMM: SINGLET STATE CALCULATION
QMMM: RHF CALCULATION, NO. OF DOUBLY OCCUPIED LEVELS = 49

| QMMM: *** Selected Hamiltonian *** 
| QMMM: AM1         

| QMMM: *** Parameter sets in use ***
| QMMM: C : M.J.S.DEWAR et al. JACS, 107, 3902, (1985)
| QMMM: H : M.J.S.DEWAR et al. JACS, 107, 3902, (1985)

| QMMM: *** SCF convergence criteria ***
| QMMM: Energy change                :  0.1D-09 kcal/mol
| QMMM: Error matrix |FP-PF|         :  0.1D+00 au
| QMMM: Density matrix change        :  0.5D-06
| QMMM: Maximum number of SCF cycles :     1000

| QMMM: *** Diagonalization Routine Information ***
| QMMM: Pseudo diagonalizations are allowed.
| QMMM: Auto diagonalization routine selection is in use.
| QMMM:
| QMMM: Timing diagonalization routines:
| QMMM:                              norbs =       98
| QMMM:    diag iterations used for timing =       15
| QMMM:
| QMMM:              Internal diag routine = 0.083313 seconds
| QMMM:                 Dspev diag routine = 0.057876 seconds
| QMMM:                Dspevd diag routine = 0.024625 seconds
| QMMM:                Dspevx diag routine = 0.118723 seconds
| QMMM:                 Dsyev diag routine = 0.040675 seconds
| QMMM:                Dsyevd diag routine = 0.043664 seconds
| QMMM:                Dsyevr diag routine = 0.041407 seconds
| QMMM:
| QMMM:                Pseudo diag routine = 0.021030 seconds
| QMMM:
| QMMM: Using dspevd routine (diag_routine=3).

  QMMM: QM Region Cartesian Coordinates (*=link atom) 
  QMMM: QM_NO.   MM_NO.  ATOM         X         Y         Z
  QMMM:     1        1      C       -9.6510   -0.3360   -0.0000
  QMMM:     2        2      H       -9.7010   -0.9830    0.8860
  QMMM:     3        3      H       -9.7010   -0.9830   -0.8860
  QMMM:     4        4      H      -10.5440    0.3000   -0.0000
  QMMM:     5        5      C       -8.3630    0.5020    0.0000
  QMMM:     6        6      H       -8.3550    1.1630   -0.8800
  QMMM:     7        7      H       -8.3550    1.1630    0.8800
  QMMM:     8        8      C       -7.0830   -0.3540    0.0000
  QMMM:     9        9      H       -7.0910   -1.0150   -0.8800
  QMMM:    10       10      H       -7.0910   -1.0150    0.8800
  QMMM:    11       11      C       -5.7880    0.4780    0.0000
  QMMM:    12       12      H       -5.7820    1.1390    0.8800
  QMMM:    13       13      H       -5.7820    1.1390   -0.8800
  QMMM:    14       14      C       -4.5090   -0.3790    0.0000
  QMMM:    15       15      H       -4.5150   -1.0400   -0.8800
  QMMM:    16       16      H       -4.5150   -1.0400    0.8800
  QMMM:    17       17      C       -3.2140    0.4530    0.0000
  QMMM:    18       18      H       -3.2070    1.1140    0.8800
  QMMM:    19       19      H       -3.2070    1.1140   -0.8800
  QMMM:    20       20      C       -1.9350   -0.4040    0.0000
  QMMM:    21       21      H       -1.9410   -1.0650   -0.8800
  QMMM:    22       22      H       -1.9410   -1.0650    0.8800
  QMMM:    23       23      C       -0.6390    0.4280    0.0000
  QMMM:    24       24      H       -0.6330    1.0900    0.8800
  QMMM:    25       25      H       -0.6330    1.0900   -0.8800
  QMMM:    26       26      C        0.6390   -0.4280    0.0000
  QMMM:    27       27      H        0.6330   -1.0900   -0.8800
  QMMM:    28       28      H        0.6330   -1.0900    0.8800
  QMMM:    29       29      C        1.9350    0.4040    0.0000
  QMMM:    30       30      H        1.9410    1.0650    0.8800
  QMMM:    31       31      H        1.9410    1.0650   -0.8800
  QMMM:    32       32      C        3.2140   -0.4530    0.0000
  QMMM:    33       33      H        3.2070   -1.1140   -0.8800
  QMMM:    34       34      H        3.2070   -1.1140    0.8800
  QMMM:    35       35      C        4.5090    0.3790    0.0000
  QMMM:    36       36      H        4.5150    1.0400    0.8800
  QMMM:    37       37      H        4.5150    1.0400   -0.8800
  QMMM:    38       38      C        5.7880   -0.4780    0.0000
  QMMM:    39       39      H        5.7820   -1.1390   -0.8800
  QMMM:    40       40      H        5.7820   -1.1390    0.8800
  QMMM:    41       41      C        7.0830    0.3540    0.0000
  QMMM:    42       42      H        7.0910    1.0150    0.8800
  QMMM:    43       43      H        7.0910    1.0150   -0.8800
  QMMM:    44       44      C        8.3630   -0.5020    0.0000
  QMMM:    45       45      H        8.3550   -1.1630   -0.8800
  QMMM:    46       46      H        8.3550   -1.1630    0.8800
  QMMM:    47       47      C        9.6510    0.3360   -0.0000
  QMMM:    48       48      H        9.7010    0.9830    0.8860
  QMMM:    49       49      H       10.5440   -0.3000   -0.0000
  QMMM:    50       50      H        9.7010    0.9830   -0.8860

--------------------------------------------------------------------------------
  RESULTS
--------------------------------------------------------------------------------

      iter         sqm energy              rms gradient
      ----    -------------------    -----------------------
xmin    10     -113.5815 kcal/mol        0.0032 kcal/(mol*A)
  ... geometry converged !
 
 Final MO eigenvalues (eV):
 -38.1718  -37.5676  -36.5900  -35.2731  -33.6647  -31.8244  -29.8238  -27.7468
 -25.6950  -23.8026  -22.2783  -21.8738  -21.5957  -21.4197  -21.1262  -21.0247
 -17.1118  -16.8007  -16.3161  -15.6970  -15.2518  -15.1419  -14.9928  -14.8800
 -14.5081  -14.2563  -14.2332  -13.7560  -13.5377  -13.3443  -13.1168  -12.8799
 -12.5847  -12.4298  -12.3152  -12.1284  -11.9680  -11.8620  -11.7612  -11.6916
 -11.6264  -11.5246  -11.4570  -11.2956  -11.1583  -11.0899  -11.0662  -11.0656
 -10.9734    3.4876    3.6504    3.6980    3.7050    3.7892    3.8995    3.9621
   4.0303    4.1754    4.1935    4.1945    4.2751    4.3260    4.3290    4.4504
   4.4623    4.4862    4.6121    4.6161    4.6175    4.6421    4.6766    4.7512
   4.7732    4.7864    4.7928    4.8825    4.9123    4.9176    4.9357    5.0366
   5.0564    5.0647    5.0673    5.1346    5.1801    5.1838    5.2153    5.2391
   5.2538    5.2810    5.2947    5.3047    5.3151    5.3542    5.3585    5.3948
   5.3978    5.4162

 Heat of formation   =       -113.58153907 kcal/mol  (       -4.92526513 eV)

 Total SCF energy    =     -58133.06004961 kcal/mol  (    -2520.83864748 eV)
 Electronic energy   =    -387345.72534004 kcal/mol  (   -16796.57106544 eV)
 Core-core repulsion =     329212.66529042 kcal/mol  (    14275.73241795 eV)
 
    Atomic Charges for Step       1 :
  Atom    Element       Mulliken Charge
     1      C                 -0.210
     2      H                  0.072
     3      H                  0.072
     4      H                  0.072
     5      C                 -0.159
     6      H                  0.078
     7      H                  0.078
     8      C                 -0.158
     9      H                  0.079
    10      H                  0.079
    11      C                 -0.158
    12      H                  0.079
    13      H                  0.079
    14      C                 -0.158
    15      H                  0.079
    16      H                  0.079
    17      C                 -0.158
    18      H                  0.079
    19      H                  0.079
    20      C                 -0.158
    21      H                  0.079
    22      H                  0.079
    23      C                 -0.158
    24      H                  0.079
    25      H                  0.079
    26      C                 -0.158
    27      H                  0.079
    28      H                  0.079
    29      C                 -0.158
    30      H                  0.079
    31      H                  0.079
    32      C                 -0.158
    33      H                  0.079
    34      H                  0.079
    35      C                 -0.158
    36      H                  0.079
    37      H                  0.079
    38      C                 -0.158
    39      H                  0.079
    40      H                  0.079
    41      C                 -0.158
    42      H                  0.079
    43      H                  0.079
    44      C                 -0.159
    45      H                  0.078
    46      H                  0.078
    47      C                 -0.210
    48      H                  0.072
    49      H                  0.072
    50      H                  0.072
 Total Mulliken Charge =      -0.000
 
                  X        Y        Z     TOTAL  
  QM DIPOLE     0.000    0.000   -0.000    0.000
 
 Final Structure

  QMMM: QM Region Cartesian Coordinates (*=link atom) 
  QMMM: QM_NO.   MM_NO.  ATOM         X         Y         Z
  QMMM:     1        1      C       -9.3739   -0.3320    0.0000
  QMMM:     2        2      H       -9.4131   -0.9851    0.9051
  QMMM:     3        3      H       -9.4129   -0.9858   -0.9047
  QMMM:     4        4      H      -10.2771    0.3247   -0.0004
  QMMM:     5        5      C       -8.1192    0.5025   -0.0002
  QMMM:     6        6      H       -8.1100    1.1691   -0.9028
  QMMM:     7        7      H       -8.1101    1.1696    0.9021
  QMMM:     8        8      C       -6.8766   -0.3624    0.0001
  QMMM:     9        9      H       -6.8831   -1.0290   -0.9022
  QMMM:    10       10      H       -6.8833   -1.0286    0.9028
  QMMM:    11       11      C       -5.6190    0.4798    0.0000
  QMMM:    12       12      H       -5.6127    1.1464    0.9025
  QMMM:    13       13      H       -5.6127    1.1462   -0.9026
  QMMM:    14       14      C       -4.3774   -0.3860    0.0000
  QMMM:    15       15      H       -4.3838   -1.0525   -0.9025
  QMMM:    16       16      H       -4.3837   -1.0523    0.9027
  QMMM:    17       17      C       -3.1199    0.4564   -0.0001
  QMMM:    18       18      H       -3.1136    1.1229    0.9025
  QMMM:    19       19      H       -3.1136    1.1228   -0.9027
  QMMM:    20       20      C       -1.8783   -0.4095   -0.0001
  QMMM:    21       21      H       -1.8846   -1.0758   -0.9027
  QMMM:    22       22      H       -1.8847   -1.0760    0.9024
  QMMM:    23       23      C       -0.6208    0.4329    0.0001
  QMMM:    24       24      H       -0.6145    1.0992    0.9027
  QMMM:    25       25      H       -0.6145    1.0995   -0.9024
  QMMM:    26       26      C        0.6208   -0.4330   -0.0000
  QMMM:    27       27      H        0.6145   -1.0993   -0.9026
  QMMM:    28       28      H        0.6145   -1.0995    0.9025
  QMMM:    29       29      C        1.8783    0.4094   -0.0001
  QMMM:    30       30      H        1.8846    1.0759    0.9025
  QMMM:    31       31      H        1.8846    1.0758   -0.9026
  QMMM:    32       32      C        3.1199   -0.4564    0.0000
  QMMM:    33       33      H        3.1136   -1.1229   -0.9025
  QMMM:    34       34      H        3.1136   -1.1228    0.9026
  QMMM:    35       35      C        4.3774    0.3860   -0.0001
  QMMM:    36       36      H        4.3837    1.0524    0.9025
  QMMM:    37       37      H        4.3837    1.0524   -0.9026
  QMMM:    38       38      C        5.6190   -0.4798   -0.0001
  QMMM:    39       39      H        5.6127   -1.1462   -0.9027
  QMMM:    40       40      H        5.6127   -1.1464    0.9024
  QMMM:    41       41      C        6.8766    0.3624    0.0001
  QMMM:    42       42      H        6.8832    1.0287    0.9027
  QMMM:    43       43      H        6.8832    1.0289   -0.9024
  QMMM:    44       44      C        8.1192   -0.5024   -0.0000
  QMMM:    45       45      H        8.1101   -1.1691   -0.9026
  QMMM:    46       46      H        8.1100   -1.1694    0.9023
  QMMM:    47       47      C        9.3739    0.3320    0.0002
  QMMM:    48       48      H        9.4130    0.9853    0.9053
  QMMM:    49       49      H       10.2771   -0.3246   -0.0001
  QMMM:    50       50      H        9.4129    0.9859   -0.9045

           --------- Calculation Completed ----------

