            --------------------------------------------------------
                             AMBER SQM VERSION 19
 
                                     By
              Ross C. Walker, Michael F. Crowley, Scott Brozell,
                         Tim Giese, Andreas W. Goetz,
                        Tai-Sung Lee and David A. Case
 
            --------------------------------------------------------
 

--------------------------------------------------------------------------------
  QM CALCULATION INFO
--------------------------------------------------------------------------------

| QMMM: Citation for AMBER QMMM Run:
| QMMM: R.C. Walker, M.F. Crowley and D.A. Case, J. COMP. CHEM. 29:1019, 2008

QMMM: SINGLET STATE CALCULATION
QMMM: RHF CALCULATION, NO. OF DOUBLY OCCUPIED LEVELS = 43

| QMMM: *** Selected Hamiltonian *** 
| QMMM: AM1         

| QMMM: *** Parameter sets in use ***
| QMMM: C : M.J.S.DEWAR et al. JACS, 107, 3902, (1985)
| QMMM: H : M.J.S.DEWAR et al. JACS, 107, 3902, (1985)

| QMMM: *** SCF convergence criteria ***
| QMMM: Energy change                :  0.1D-09 kcal/mol
| QMMM: Error matrix |FP-PF|         :  0.1D+00 au
| QMMM: Density matrix change        :  0.5D-06
| QMMM: Maximum number of SCF cycles :     1000

| QMMM: *** Diagonalization Routine Information ***
| QMMM: Pseudo diagonalizations are allowed.
| QMMM: Auto diagonalization routine selection is in use.
| QMMM:
| QMMM: Timing diagonalization routines:
| QMMM:                              norbs =       86
| QMMM:    diag iterations used for timing =       15
| QMMM:
| QMMM:              Internal diag routine = 0.068313 seconds
| QMMM:                 Dspev diag routine = 0.045313 seconds
| QMMM:                Dspevd diag routine = 0.015428 seconds
| QMMM:                Dspevx diag routine = 0.070474 seconds
| QMMM:                 Dsyev diag routine = 0.023040 seconds
| QMMM:                Dsyevd diag routine = 0.027367 seconds
| QMMM:                Dsyevr diag routine = 0.029785 seconds
| QMMM:
| QMMM:                Pseudo diag routine = 0.014201 seconds
| QMMM:
| QMMM: Using dspevd routine (diag_routine=3).

  QMMM: QM Region Cartesian Coordinates (*=link atom) 
  QMMM: QM_NO.   MM_NO.  ATOM         X         Y         Z
  QMMM:     1        1      C       -1.2070    8.2840    0.0000
  QMMM:     2        2      H       -1.8550    8.2670    0.8860
  QMMM:     3        3      H       -1.8550    8.2670   -0.8860
  QMMM:     4        4      H       -0.6660    9.2370    0.0000
  QMMM:     5        5      C       -0.2400    7.0890    0.0000
  QMMM:     6        6      H        0.4180    7.1480   -0.8800
  QMMM:     7        7      H        0.4180    7.1480    0.8800
  QMMM:     8        8      C       -0.9610    5.7280    0.0000
  QMMM:     9        9      H       -1.6190    5.6670   -0.8800
  QMMM:    10       10      H       -1.6190    5.6670    0.8800
  QMMM:    11       11      C        0.0000    4.5250    0.0000
  QMMM:    12       12      H        0.6580    4.5870    0.8800
  QMMM:    13       13      H        0.6580    4.5870   -0.8800
  QMMM:    14       14      C       -0.7210    3.1640    0.0000
  QMMM:    15       15      H       -1.3790    3.1030   -0.8800
  QMMM:    16       16      H       -1.3790    3.1030    0.8800
  QMMM:    17       17      C        0.2400    1.9620    0.0000
  QMMM:    18       18      H        0.8990    2.0230    0.8800
  QMMM:    19       19      H        0.8990    2.0230   -0.8800
  QMMM:    20       20      C       -0.4800    0.6010    0.0000
  QMMM:    21       21      H       -1.1390    0.5400   -0.8800
  QMMM:    22       22      H       -1.1390    0.5400    0.8800
  QMMM:    23       23      C        0.4800   -0.6010    0.0000
  QMMM:    24       24      H        1.1390   -0.5400    0.8800
  QMMM:    25       25      H        1.1390   -0.5400   -0.8800
  QMMM:    26       26      C       -0.2400   -1.9620    0.0000
  QMMM:    27       27      H       -0.8990   -2.0230   -0.8800
  QMMM:    28       28      H       -0.8990   -2.0230    0.8800
  QMMM:    29       29      C        0.7210   -3.1640    0.0000
  QMMM:    30       30      H        1.3790   -3.1030    0.8800
  QMMM:    31       31      H        1.3790   -3.1030   -0.8800
  QMMM:    32       32      C        0.0000   -4.5250    0.0000
  QMMM:    33       33      H       -0.6580   -4.5870   -0.8800
  QMMM:    34       34      H       -0.6580   -4.5870    0.8800
  QMMM:    35       35      C        0.9610   -5.7280    0.0000
  QMMM:    36       36      H        1.6190   -5.6670    0.8800
  QMMM:    37       37      H        1.6190   -5.6670   -0.8800
  QMMM:    38       38      C        0.2400   -7.0890    0.0000
  QMMM:    39       39      H       -0.4180   -7.1480   -0.8800
  QMMM:    40       40      H       -0.4180   -7.1480    0.8800
  QMMM:    41       41      C        1.2070   -8.2840    0.0000
  QMMM:    42       42      H        1.8550   -8.2670    0.8860
  QMMM:    43       43      H        0.6660   -9.2370    0.0000
  QMMM:    44       44      H        1.8550   -8.2670   -0.8860

--------------------------------------------------------------------------------
  RESULTS
--------------------------------------------------------------------------------

      iter         sqm energy              rms gradient
      ----    -------------------    -----------------------
xmin    10      -99.8516 kcal/mol        0.0349 kcal/(mol*A)
xmin    20      -99.8518 kcal/mol        0.0019 kcal/(mol*A)
  ... geometry converged !
 
 Final MO eigenvalues (eV):
 -38.1142  -37.3462  -36.1110  -34.4642  -32.4830  -30.2642  -27.9254  -25.6103
 -23.5146  -21.9828  -21.7955  -21.5524  -21.1226  -21.0918  -17.0815  -16.6892
 -16.0873  -15.3374  -15.2678  -15.0295  -14.8316  -14.5137  -14.3842  -13.8542
 -13.6909  -13.6470  -12.9593  -12.9346  -12.7638  -12.3598  -12.2940  -12.1107
 -11.8202  -11.7960  -11.7422  -11.6299  -11.5659  -11.4449  -11.2265  -11.1129
 -11.0698  -11.0644  -11.0099    3.5079    3.6565    3.7251    3.7594    3.8306
   3.9671    4.0540    4.1259    4.2033    4.2457    4.2986    4.3494    4.3760
   4.4772    4.5405    4.5531    4.6198    4.6544    4.6892    4.7187    4.7341
   4.8174    4.8244    4.8795    4.8846    4.9831    4.9852    5.0342    5.0690
   5.1059    5.1256    5.1803    5.1931    5.2411    5.2462    5.2712    5.2896
   5.3094    5.3386    5.3416    5.3875    5.3947    5.4151

 Heat of formation   =        -99.85177148 kcal/mol  (       -4.32989773 eV)

 Total SCF energy    =     -50945.62421897 kcal/mol  (    -2209.16804210 eV)
 Electronic energy   =    -323574.10755246 kcal/mol  (   -14031.22620669 eV)
 Core-core repulsion =     272628.48333349 kcal/mol  (    11822.05816458 eV)
 
    Atomic Charges for Step       1 :
  Atom    Element       Mulliken Charge
     1      C                 -0.210
     2      H                  0.072
     3      H                  0.072
     4      H                  0.072
     5      C                 -0.159
     6      H                  0.078
     7      H                  0.078
     8      C                 -0.158
     9      H                  0.079
    10      H                  0.079
    11      C                 -0.158
    12      H                  0.079
    13      H                  0.079
    14      C                 -0.158
    15      H                  0.079
    16      H                  0.079
    17      C                 -0.158
    18      H                  0.079
    19      H                  0.079
    20      C                 -0.158
    21      H                  0.079
    22      H                  0.079
    23      C                 -0.158
    24      H                  0.079
    25      H                  0.079
    26      C                 -0.158
    27      H                  0.079
    28      H                  0.079
    29      C                 -0.158
    30      H                  0.079
    31      H                  0.079
    32      C                 -0.158
    33      H                  0.079
    34      H                  0.079
    35      C                 -0.158
    36      H                  0.079
    37      H                  0.079
    38      C                 -0.159
    39      H                  0.078
    40      H                  0.078
    41      C                 -0.210
    42      H                  0.072
    43      H                  0.072
    44      H                  0.072
 Total Mulliken Charge =      -0.000
 
                  X        Y        Z     TOTAL  
  QM DIPOLE    -0.000   -0.000   -0.000    0.000
 
 Final Structure

  QMMM: QM Region Cartesian Coordinates (*=link atom) 
  QMMM: QM_NO.   MM_NO.  ATOM         X         Y         Z
  QMMM:     1        1      C       -1.1780    8.0458   -0.0002
  QMMM:     2        2      H       -1.8329    8.0173    0.9041
  QMMM:     3        3      H       -1.8312    8.0175   -0.9057
  QMMM:     4        4      H       -0.6178    9.0118    0.0004
  QMMM:     5        5      C       -0.2189    6.8837    0.0006
  QMMM:     6        6      H        0.4462    6.9433   -0.9013
  QMMM:     7        7      H        0.4446    6.9432    0.9037
  QMMM:     8        8      C       -0.9511    5.5586   -0.0002
  QMMM:     9        9      H       -1.6139    5.4967   -0.9033
  QMMM:    10       10      H       -1.6155    5.4965    0.9017
  QMMM:    11       11      C        0.0161    4.3945    0.0005
  QMMM:    12       12      H        0.6789    4.4568    0.9036
  QMMM:    13       13      H        0.6804    4.4568   -0.9015
  QMMM:    14       14      C       -0.7173    3.0704   -0.0001
  QMMM:    15       15      H       -1.3802    3.0081   -0.9031
  QMMM:    16       16      H       -1.3814    3.0079    0.9020
  QMMM:    17       17      C        0.2501    1.9062    0.0004
  QMMM:    18       18      H        0.9131    1.9686    0.9033
  QMMM:    19       19      H        0.9141    1.9685   -0.9018
  QMMM:    20       20      C       -0.4834    0.5821    0.0001
  QMMM:    21       21      H       -1.1467    0.5199   -0.9026
  QMMM:    22       22      H       -1.1471    0.5197    0.9025
  QMMM:    23       23      C        0.4839   -0.5821    0.0001
  QMMM:    24       24      H        1.1474   -0.5197    0.9027
  QMMM:    25       25      H        1.1474   -0.5198   -0.9025
  QMMM:    26       26      C       -0.2497   -1.9061    0.0002
  QMMM:    27       27      H       -0.9135   -1.9683   -0.9022
  QMMM:    28       28      H       -0.9129   -1.9685    0.9029
  QMMM:    29       29      C        0.7176   -3.0704   -0.0003
  QMMM:    30       30      H        1.3816   -3.0081    0.9019
  QMMM:    31       31      H        1.3807   -3.0081   -0.9032
  QMMM:    32       32      C       -0.0160   -4.3944    0.0000
  QMMM:    33       33      H       -0.6800   -4.4566   -0.9022
  QMMM:    34       34      H       -0.6791   -4.4566    0.9029
  QMMM:    35       35      C        0.9510   -5.5587   -0.0004
  QMMM:    36       36      H        1.6150   -5.4969    0.9018
  QMMM:    37       37      H        1.6143   -5.4968   -0.9032
  QMMM:    38       38      C        0.2185   -6.8837   -0.0002
  QMMM:    39       39      H       -0.4458   -6.9431   -0.9026
  QMMM:    40       40      H       -0.4457   -6.9430    0.9023
  QMMM:    41       41      C        1.1774   -8.0459   -0.0002
  QMMM:    42       42      H        1.8315   -8.0177    0.9047
  QMMM:    43       43      H        0.6170   -9.0119   -0.0002
  QMMM:    44       44      H        1.8315   -8.0177   -0.9051

           --------- Calculation Completed ----------

