            --------------------------------------------------------
                             AMBER SQM VERSION 19
 
                                     By
              Ross C. Walker, Michael F. Crowley, Scott Brozell,
                         Tim Giese, Andreas W. Goetz,
                        Tai-Sung Lee and David A. Case
 
            --------------------------------------------------------
 

--------------------------------------------------------------------------------
  QM CALCULATION INFO
--------------------------------------------------------------------------------

| QMMM: Citation for AMBER QMMM Run:
| QMMM: R.C. Walker, M.F. Crowley and D.A. Case, J. COMP. CHEM. 29:1019, 2008

QMMM: SINGLET STATE CALCULATION
QMMM: RHF CALCULATION, NO. OF DOUBLY OCCUPIED LEVELS = 61

| QMMM: *** Selected Hamiltonian *** 
| QMMM: AM1         

| QMMM: *** Parameter sets in use ***
| QMMM: C : M.J.S.DEWAR et al. JACS, 107, 3902, (1985)
| QMMM: H : M.J.S.DEWAR et al. JACS, 107, 3902, (1985)

| QMMM: *** SCF convergence criteria ***
| QMMM: Energy change                :  0.1D-09 kcal/mol
| QMMM: Error matrix |FP-PF|         :  0.1D+00 au
| QMMM: Density matrix change        :  0.5D-06
| QMMM: Maximum number of SCF cycles :     1000

| QMMM: *** Diagonalization Routine Information ***
| QMMM: Pseudo diagonalizations are allowed.
| QMMM: Auto diagonalization routine selection is in use.
| QMMM:
| QMMM: Timing diagonalization routines:
| QMMM:                              norbs =      122
| QMMM:    diag iterations used for timing =       10
| QMMM:
| QMMM:              Internal diag routine = 0.110652 seconds
| QMMM:                 Dspev diag routine = 0.051478 seconds
| QMMM:                Dspevd diag routine = 0.042432 seconds
| QMMM:                Dspevx diag routine = 0.140312 seconds
| QMMM:                 Dsyev diag routine = 0.035230 seconds
| QMMM:                Dsyevd diag routine = 0.041416 seconds
| QMMM:                Dsyevr diag routine = 0.039686 seconds
| QMMM:
| QMMM:                Pseudo diag routine = 0.026292 seconds
| QMMM:
| QMMM: Using dsyev routine (diag_routine=5).

  QMMM: QM Region Cartesian Coordinates (*=link atom) 
  QMMM: QM_NO.   MM_NO.  ATOM         X         Y         Z
  QMMM:     1        1      C       12.2240   -0.3540    0.0000
  QMMM:     2        2      H       12.2720   -1.0000   -0.8860
  QMMM:     3        3      H       12.2720   -1.0000    0.8860
  QMMM:     4        4      H       13.1190    0.2800    0.0000
  QMMM:     5        5      C       10.9390    0.4900    0.0000
  QMMM:     6        6      H       10.9330    1.1500    0.8800
  QMMM:     7        7      H       10.9330    1.1500   -0.8800
  QMMM:     8        8      C        9.6560   -0.3620    0.0000
  QMMM:     9        9      H        9.6620   -1.0240    0.8800
  QMMM:    10       10      H        9.6620   -1.0240   -0.8800
  QMMM:    11       11      C        8.3640    0.4740    0.0000
  QMMM:    12       12      H        8.3600    1.1350   -0.8800
  QMMM:    13       13      H        8.3600    1.1350    0.8800
  QMMM:    14       14      C        7.0820   -0.3790    0.0000
  QMMM:    15       15      H        7.0860   -1.0400    0.8800
  QMMM:    16       16      H        7.0860   -1.0400   -0.8800
  QMMM:    17       17      C        5.7890    0.4580    0.0000
  QMMM:    18       18      H        5.7850    1.1190   -0.8800
  QMMM:    19       19      H        5.7850    1.1190    0.8800
  QMMM:    20       20      C        4.5080   -0.3940    0.0000
  QMMM:    21       21      H        4.5120   -1.0560    0.8800
  QMMM:    22       22      H        4.5120   -1.0560   -0.8800
  QMMM:    23       23      C        3.2150    0.4420    0.0000
  QMMM:    24       24      H        3.2110    1.1030   -0.8800
  QMMM:    25       25      H        3.2110    1.1030    0.8800
  QMMM:    26       26      C        1.9330   -0.4100    0.0000
  QMMM:    27       27      H        1.9370   -1.0720    0.8800
  QMMM:    28       28      H        1.9370   -1.0720   -0.8800
  QMMM:    29       29      C        0.6410    0.4260    0.0000
  QMMM:    30       30      H        0.6370    1.0870   -0.8800
  QMMM:    31       31      H        0.6370    1.0870    0.8800
  QMMM:    32       32      C       -0.6410   -0.4260    0.0000
  QMMM:    33       33      H       -0.6370   -1.0870    0.8800
  QMMM:    34       34      H       -0.6370   -1.0870   -0.8800
  QMMM:    35       35      C       -1.9330    0.4100    0.0000
  QMMM:    36       36      H       -1.9370    1.0720   -0.8800
  QMMM:    37       37      H       -1.9370    1.0720    0.8800
  QMMM:    38       38      C       -3.2150   -0.4420    0.0000
  QMMM:    39       39      H       -3.2110   -1.1030    0.8800
  QMMM:    40       40      H       -3.2110   -1.1030   -0.8800
  QMMM:    41       41      C       -4.5080    0.3940    0.0000
  QMMM:    42       42      H       -4.5120    1.0560   -0.8800
  QMMM:    43       43      H       -4.5120    1.0560    0.8800
  QMMM:    44       44      C       -5.7890   -0.4580    0.0000
  QMMM:    45       45      H       -5.7850   -1.1190    0.8800
  QMMM:    46       46      H       -5.7850   -1.1190   -0.8800
  QMMM:    47       47      C       -7.0820    0.3790    0.0000
  QMMM:    48       48      H       -7.0860    1.0400   -0.8800
  QMMM:    49       49      H       -7.0860    1.0400    0.8800
  QMMM:    50       50      C       -8.3640   -0.4740    0.0000
  QMMM:    51       51      H       -8.3600   -1.1350    0.8800
  QMMM:    52       52      H       -8.3600   -1.1350   -0.8800
  QMMM:    53       53      C       -9.6560    0.3620    0.0000
  QMMM:    54       54      H       -9.6620    1.0240   -0.8800
  QMMM:    55       55      H       -9.6620    1.0240    0.8800
  QMMM:    56       56      C      -10.9390   -0.4900    0.0000
  QMMM:    57       57      H      -10.9330   -1.1500    0.8800
  QMMM:    58       58      H      -10.9330   -1.1500   -0.8800
  QMMM:    59       59      C      -12.2240    0.3540    0.0000
  QMMM:    60       60      H      -12.2720    1.0000   -0.8860
  QMMM:    61       61      H      -13.1190   -0.2800    0.0000
  QMMM:    62       62      H      -12.2720    1.0000    0.8860

--------------------------------------------------------------------------------
  RESULTS
--------------------------------------------------------------------------------

      iter         sqm energy              rms gradient
      ----    -------------------    -----------------------
xmin    10     -141.0405 kcal/mol        0.0142 kcal/(mol*A)
xmin    20     -141.0411 kcal/mol        0.0005 kcal/(mol*A)
xmin    20     -141.0411 kcal/mol        0.0002 kcal/(mol*A)
  ... geometry converged !
 
 Final MO eigenvalues (eV):
 -38.2427  -37.8411  -37.1863  -36.2935  -35.1839  -33.8840  -32.4256  -30.8451
 -29.1839  -27.4897  -25.8181  -24.2406  -22.8587  -21.9205  -21.8075  -21.7270
 -21.4298  -21.2753  -21.0416  -20.9849  -17.1494  -16.9404  -16.6087  -16.1722
 -15.6545  -15.2816  -15.1660  -15.0828  -15.0195  -14.7862  -14.4857  -14.4088
 -14.2893  -13.8906  -13.7562  -13.6132  -13.3226  -13.2256  -12.9196  -12.8025
 -12.6272  -12.4867  -12.3462  -12.1656  -12.0336  -11.9631  -11.8412  -11.8168
 -11.6878  -11.6569  -11.6567  -11.6212  -11.4256  -11.2796  -11.2626  -11.1577
 -11.0985  -11.0716  -11.0675  -11.0648  -10.9243    3.4611    3.6132    3.6426
   3.6797    3.7369    3.8129    3.8207    3.9052    4.0105    4.0395    4.1255
   4.1833    4.2274    4.2294    4.2470    4.3091    4.3548    4.3723    4.4442
   4.4727    4.4989    4.5801    4.5984    4.6049    4.6245    4.6460    4.7030
   4.7098    4.7308    4.7472    4.8051    4.8127    4.8499    4.8656    4.9128
   4.9166    4.9487    4.9779    5.0452    5.0473    5.0566    5.0822    5.1304
   5.1701    5.1762    5.1907    5.2083    5.2444    5.2578    5.2620    5.2658
   5.3006    5.3093    5.3122    5.3243    5.3467    5.3732    5.3791    5.4014
   5.4037    5.4172

 Heat of formation   =       -141.04107413 kcal/mol  (       -6.11599992 eV)

 Total SCF energy    =     -72507.93171078 kcal/mol  (    -3144.17985824 eV)
 Electronic energy   =    -521655.05737856 kcal/mol  (   -22620.66074232 eV)
 Core-core repulsion =     449147.12566777 kcal/mol  (    19476.48088408 eV)
 
    Atomic Charges for Step       1 :
  Atom    Element       Mulliken Charge
     1      C                 -0.210
     2      H                  0.072
     3      H                  0.072
     4      H                  0.072
     5      C                 -0.159
     6      H                  0.078
     7      H                  0.078
     8      C                 -0.158
     9      H                  0.079
    10      H                  0.079
    11      C                 -0.158
    12      H                  0.079
    13      H                  0.079
    14      C                 -0.158
    15      H                  0.079
    16      H                  0.079
    17      C                 -0.158
    18      H                  0.079
    19      H                  0.079
    20      C                 -0.158
    21      H                  0.079
    22      H                  0.079
    23      C                 -0.158
    24      H                  0.079
    25      H                  0.079
    26      C                 -0.158
    27      H                  0.079
    28      H                  0.079
    29      C                 -0.158
    30      H                  0.079
    31      H                  0.079
    32      C                 -0.158
    33      H                  0.079
    34      H                  0.079
    35      C                 -0.158
    36      H                  0.079
    37      H                  0.079
    38      C                 -0.158
    39      H                  0.079
    40      H                  0.079
    41      C                 -0.158
    42      H                  0.079
    43      H                  0.079
    44      C                 -0.158
    45      H                  0.079
    46      H                  0.079
    47      C                 -0.158
    48      H                  0.079
    49      H                  0.079
    50      C                 -0.158
    51      H                  0.079
    52      H                  0.079
    53      C                 -0.158
    54      H                  0.079
    55      H                  0.079
    56      C                 -0.159
    57      H                  0.078
    58      H                  0.078
    59      C                 -0.210
    60      H                  0.072
    61      H                  0.072
    62      H                  0.072
 Total Mulliken Charge =      -0.000
 
                  X        Y        Z     TOTAL  
  QM DIPOLE     0.000    0.000   -0.000    0.000
 
 Final Structure

  QMMM: QM Region Cartesian Coordinates (*=link atom) 
  QMMM: QM_NO.   MM_NO.  ATOM         X         Y         Z
  QMMM:     1        1      C       11.8719   -0.3483   -0.0001
  QMMM:     2        2      H       11.9088   -1.0019   -0.9050
  QMMM:     3        3      H       11.9088   -1.0020    0.9048
  QMMM:     4        4      H       12.7772    0.3054   -0.0001
  QMMM:     5        5      C       10.6200    0.4903    0.0000
  QMMM:     6        6      H       10.6130    1.1571    0.9026
  QMMM:     7        7      H       10.6130    1.1573   -0.9023
  QMMM:     8        8      C        9.3745   -0.3704   -0.0001
  QMMM:     9        9      H        9.3789   -1.0370    0.9023
  QMMM:    10       10      H        9.3789   -1.0367   -0.9027
  QMMM:    11       11      C        8.1197    0.4760    0.0001
  QMMM:    12       12      H        8.1156    1.1427   -0.9023
  QMMM:    13       13      H        8.1156    1.1422    0.9028
  QMMM:    14       14      C        6.8753   -0.3857   -0.0001
  QMMM:    15       15      H        6.8793   -1.0524    0.9023
  QMMM:    16       16      H        6.8793   -1.0519   -0.9029
  QMMM:    17       17      C        5.6205    0.4609    0.0002
  QMMM:    18       18      H        5.6165    1.1277   -0.9021
  QMMM:    19       19      H        5.6164    1.1269    0.9031
  QMMM:    20       20      C        4.3761   -0.4008   -0.0002
  QMMM:    21       21      H        4.3802   -1.0678    0.9019
  QMMM:    22       22      H        4.3801   -1.0667   -0.9032
  QMMM:    23       23      C        3.1214    0.4458    0.0003
  QMMM:    24       24      H        3.1174    1.1129   -0.9018
  QMMM:    25       25      H        3.1174    1.1117    0.9034
  QMMM:    26       26      C        1.8769   -0.4158   -0.0002
  QMMM:    27       27      H        1.8809   -1.0828    0.9020
  QMMM:    28       28      H        1.8810   -1.0818   -0.9032
  QMMM:    29       29      C        0.6222    0.4308    0.0002
  QMMM:    30       30      H        0.6182    1.0977   -0.9021
  QMMM:    31       31      H        0.6183    1.0969    0.9030
  QMMM:    32       32      C       -0.6222   -0.4308   -0.0002
  QMMM:    33       33      H       -0.6183   -1.0976    0.9021
  QMMM:    34       34      H       -0.6182   -1.0969   -0.9030
  QMMM:    35       35      C       -1.8769    0.4158    0.0001
  QMMM:    36       36      H       -1.8809    1.0826   -0.9022
  QMMM:    37       37      H       -1.8809    1.0820    0.9029
  QMMM:    38       38      C       -3.1214   -0.4458   -0.0001
  QMMM:    39       39      H       -3.1174   -1.1125    0.9023
  QMMM:    40       40      H       -3.1174   -1.1120   -0.9029
  QMMM:    41       41      C       -4.3761    0.4008    0.0001
  QMMM:    42       42      H       -4.3802    1.0674   -0.9024
  QMMM:    43       43      H       -4.3801    1.0671    0.9028
  QMMM:    44       44      C       -5.6205   -0.4609    0.0000
  QMMM:    45       45      H       -5.6165   -1.1273    0.9026
  QMMM:    46       46      H       -5.6164   -1.1274   -0.9025
  QMMM:    47       47      C       -6.8753    0.3857   -0.0001
  QMMM:    48       48      H       -6.8793    1.0520   -0.9027
  QMMM:    49       49      H       -6.8793    1.0523    0.9024
  QMMM:    50       50      C       -8.1197   -0.4760    0.0001
  QMMM:    51       51      H       -8.1156   -1.1422    0.9028
  QMMM:    52       52      H       -8.1156   -1.1426   -0.9023
  QMMM:    53       53      C       -9.3745    0.3704   -0.0001
  QMMM:    54       54      H       -9.3789    1.0366   -0.9029
  QMMM:    55       55      H       -9.3789    1.0372    0.9022
  QMMM:    56       56      C      -10.6200   -0.4903    0.0002
  QMMM:    57       57      H      -10.6130   -1.1568    0.9029
  QMMM:    58       58      H      -10.6130   -1.1575   -0.9021
  QMMM:    59       59      C      -11.8719    0.3483   -0.0001
  QMMM:    60       60      H      -11.9088    1.0015   -0.9053
  QMMM:    61       61      H      -12.7773   -0.3054    0.0002
  QMMM:    62       62      H      -11.9087    1.0024    0.9045

           --------- Calculation Completed ----------

