            --------------------------------------------------------
                             AMBER SQM VERSION 19
 
                                     By
              Ross C. Walker, Michael F. Crowley, Scott Brozell,
                         Tim Giese, Andreas W. Goetz,
                        Tai-Sung Lee and David A. Case
 
            --------------------------------------------------------
 

--------------------------------------------------------------------------------
  QM CALCULATION INFO
--------------------------------------------------------------------------------

| QMMM: Citation for AMBER QMMM Run:
| QMMM: R.C. Walker, M.F. Crowley and D.A. Case, J. COMP. CHEM. 29:1019, 2008

QMMM: SINGLET STATE CALCULATION
QMMM: RHF CALCULATION, NO. OF DOUBLY OCCUPIED LEVELS = 16

| QMMM: *** Selected Hamiltonian *** 
| QMMM: AM1         

| QMMM: *** Parameter sets in use ***
| QMMM: C : M.J.S.DEWAR et al. JACS, 107, 3902, (1985)
| QMMM: H : M.J.S.DEWAR et al. JACS, 107, 3902, (1985)

| QMMM: *** SCF convergence criteria ***
| QMMM: Energy change                :  0.1D-09 kcal/mol
| QMMM: Error matrix |FP-PF|         :  0.1D+00 au
| QMMM: Density matrix change        :  0.5D-06
| QMMM: Maximum number of SCF cycles :     1000

| QMMM: *** Diagonalization Routine Information ***
| QMMM: Pseudo diagonalizations are allowed.
| QMMM: Auto diagonalization routine selection is in use.
| QMMM:
| QMMM: Timing diagonalization routines:
| QMMM:                              norbs =       32
| QMMM:    diag iterations used for timing =       20
| QMMM:
| QMMM:              Internal diag routine = 0.004925 seconds
| QMMM:                 Dspev diag routine = 0.005522 seconds
| QMMM:                Dspevd diag routine = 0.005516 seconds
| QMMM:                Dspevx diag routine = 0.035480 seconds
| QMMM:                 Dsyev diag routine = 0.018096 seconds
| QMMM:                Dsyevd diag routine = 0.012892 seconds
| QMMM:                Dsyevr diag routine = 0.015471 seconds
| QMMM:
| QMMM:                Pseudo diag routine = 0.001028 seconds
| QMMM:
| QMMM: Using internal diagonalization routine (diag_routine=1).

  QMMM: QM Region Cartesian Coordinates (*=link atom) 
  QMMM: QM_NO.   MM_NO.  ATOM         X         Y         Z
  QMMM:     1        1      C        0.0000   -2.5680    0.3250
  QMMM:     2        2      H       -0.8860   -2.6110    0.9720
  QMMM:     3        3      H        0.8860   -2.6110    0.9720
  QMMM:     4        4      H        0.0000   -3.4670   -0.3020
  QMMM:     5        5      C        0.0000   -1.2880   -0.5260
  QMMM:     6        6      H        0.8800   -1.2860   -1.1870
  QMMM:     7        7      H       -0.8800   -1.2860   -1.1870
  QMMM:     8        8      C        0.0000    0.0000    0.3180
  QMMM:     9        9      H        0.8800    0.0000    0.9800
  QMMM:    10       10      H       -0.8800    0.0000    0.9800
  QMMM:    11       11      C        0.0000    1.2880   -0.5260
  QMMM:    12       12      H       -0.8800    1.2860   -1.1870
  QMMM:    13       13      H        0.8800    1.2860   -1.1870
  QMMM:    14       14      C        0.0000    2.5680    0.3250
  QMMM:    15       15      H        0.8860    2.6110    0.9720
  QMMM:    16       16      H        0.0000    3.4670   -0.3020
  QMMM:    17       17      H       -0.8860    2.6110    0.9720

--------------------------------------------------------------------------------
  RESULTS
--------------------------------------------------------------------------------

      iter         sqm energy              rms gradient
      ----    -------------------    -----------------------
xmin    10      -38.0678 kcal/mol        0.0166 kcal/(mol*A)
xmin    20      -38.0679 kcal/mol        0.0029 kcal/(mol*A)
xmin    30      -38.0679 kcal/mol        0.0006 kcal/(mol*A)
  ... geometry converged !
 
 Final MO eigenvalues (eV):
 -36.8643  -32.7744  -27.2885  -22.5459  -21.4779  -16.4577  -15.1592  -14.6576
 -14.2418  -13.4511  -12.7665  -12.4871  -11.7005  -11.5536  -11.5107  -11.1112
   3.7748    3.8093    4.1244    4.2360    4.5043    4.5764    4.5868    4.7263
   4.9695    4.9888    5.0068    5.1073    5.2121    5.2383    5.3101    5.3803


 Heat of formation   =        -38.06789438 kcal/mol  (       -1.65074777 eV)

 Total SCF energy    =     -18602.16305812 kcal/mol  (     -806.65032124 eV)
 Electronic energy   =     -77633.66958147 kcal/mol  (    -3366.44853135 eV)
 Core-core repulsion =      59031.50652335 kcal/mol  (     2559.79821011 eV)
 
    Atomic Charges for Step       1 :
  Atom    Element       Mulliken Charge
     1      C                 -0.210
     2      H                  0.072
     3      H                  0.072
     4      H                  0.071
     5      C                 -0.159
     6      H                  0.077
     7      H                  0.077
     8      C                 -0.158
     9      H                  0.079
    10      H                  0.079
    11      C                 -0.159
    12      H                  0.077
    13      H                  0.077
    14      C                 -0.210
    15      H                  0.072
    16      H                  0.071
    17      H                  0.072
 Total Mulliken Charge =      -0.000
 
                  X        Y        Z     TOTAL  
  QM DIPOLE     0.000    0.000    0.006    0.006
 
 Final Structure

  QMMM: QM Region Cartesian Coordinates (*=link atom) 
  QMMM: QM_NO.   MM_NO.  ATOM         X         Y         Z
  QMMM:     1        1      C       -0.0004   -2.4975    0.3230
  QMMM:     2        2      H       -0.9053   -2.5302    0.9769
  QMMM:     3        3      H        0.9045   -2.5304    0.9769
  QMMM:     4        4      H       -0.0005   -3.4070   -0.3250
  QMMM:     5        5      C       -0.0003   -1.2508   -0.5233
  QMMM:     6        6      H        0.9020   -1.2483   -1.1905
  QMMM:     7        7      H       -0.9029   -1.2479   -1.1901
  QMMM:     8        8      C        0.0001    0.0001    0.3294
  QMMM:     9        9      H        0.9030    0.0002    0.9954
  QMMM:    10       10      H       -0.9020    0.0002    0.9964
  QMMM:    11       11      C       -0.0003    1.2506   -0.5237
  QMMM:    12       12      H       -0.9034    1.2479   -1.1898
  QMMM:    13       13      H        0.9015    1.2474   -1.1916
  QMMM:    14       14      C        0.0008    2.4976    0.3221
  QMMM:    15       15      H        0.9065    2.5305    0.9750
  QMMM:    16       16      H        0.0002    3.4068   -0.3261
  QMMM:    17       17      H       -0.9033    2.5308    0.9771

           --------- Calculation Completed ----------

