            --------------------------------------------------------
                             AMBER SQM VERSION 19
 
                                     By
              Ross C. Walker, Michael F. Crowley, Scott Brozell,
                         Tim Giese, Andreas W. Goetz,
                        Tai-Sung Lee and David A. Case
 
            --------------------------------------------------------
 

--------------------------------------------------------------------------------
  QM CALCULATION INFO
--------------------------------------------------------------------------------

| QMMM: Citation for AMBER QMMM Run:
| QMMM: R.C. Walker, M.F. Crowley and D.A. Case, J. COMP. CHEM. 29:1019, 2008

QMMM: SINGLET STATE CALCULATION
QMMM: RHF CALCULATION, NO. OF DOUBLY OCCUPIED LEVELS = 19

| QMMM: *** Selected Hamiltonian *** 
| QMMM: AM1         

| QMMM: *** Parameter sets in use ***
| QMMM: C : M.J.S.DEWAR et al. JACS, 107, 3902, (1985)
| QMMM: H : M.J.S.DEWAR et al. JACS, 107, 3902, (1985)

| QMMM: *** SCF convergence criteria ***
| QMMM: Energy change                :  0.1D-09 kcal/mol
| QMMM: Error matrix |FP-PF|         :  0.1D+00 au
| QMMM: Density matrix change        :  0.5D-06
| QMMM: Maximum number of SCF cycles :     1000

| QMMM: *** Diagonalization Routine Information ***
| QMMM: Pseudo diagonalizations are allowed.
| QMMM: Auto diagonalization routine selection is in use.
| QMMM:
| QMMM: Timing diagonalization routines:
| QMMM:                              norbs =       38
| QMMM:    diag iterations used for timing =       20
| QMMM:
| QMMM:              Internal diag routine = 0.009028 seconds
| QMMM:                 Dspev diag routine = 0.018126 seconds
| QMMM:                Dspevd diag routine = 0.018086 seconds
| QMMM:                Dspevx diag routine = 0.054000 seconds
| QMMM:                 Dsyev diag routine = 0.010013 seconds
| QMMM:                Dsyevd diag routine = 0.006222 seconds
| QMMM:                Dsyevr diag routine = 0.007617 seconds
| QMMM:
| QMMM:                Pseudo diag routine = 0.000976 seconds
| QMMM:
| QMMM: Using dsyevd routine (diag_routine=6).

  QMMM: QM Region Cartesian Coordinates (*=link atom) 
  QMMM: QM_NO.   MM_NO.  ATOM         X         Y         Z
  QMMM:     1        1      C        1.4210    2.9120    0.0000
  QMMM:     2        2      H        0.9060    3.3060    0.8860
  QMMM:     3        3      H        0.9060    3.3060   -0.8860
  QMMM:     4        4      H        2.4410    3.3130    0.0000
  QMMM:     5        5      C        1.4210    1.3750    0.0000
  QMMM:     6        6      H        1.9700    1.0080   -0.8800
  QMMM:     7        7      H        1.9700    1.0080    0.8800
  QMMM:     8        8      C        0.0050    0.7700    0.0000
  QMMM:     9        9      H       -0.5450    1.1370   -0.8800
  QMMM:    10       10      H       -0.5450    1.1370    0.8800
  QMMM:    11       11      C       -0.0050   -0.7700    0.0000
  QMMM:    12       12      H        0.5450   -1.1370    0.8800
  QMMM:    13       13      H        0.5450   -1.1370   -0.8800
  QMMM:    14       14      C       -1.4210   -1.3750    0.0000
  QMMM:    15       15      H       -1.9700   -1.0080   -0.8800
  QMMM:    16       16      H       -1.9700   -1.0080    0.8800
  QMMM:    17       17      C       -1.4210   -2.9120    0.0000
  QMMM:    18       18      H       -0.9060   -3.3060    0.8860
  QMMM:    19       19      H       -2.4410   -3.3130    0.0000
  QMMM:    20       20      H       -0.9060   -3.3060   -0.8860

--------------------------------------------------------------------------------
  RESULTS
--------------------------------------------------------------------------------

      iter         sqm energy              rms gradient
      ----    -------------------    -----------------------
xmin    10      -44.9328 kcal/mol        0.0061 kcal/(mol*A)
  ... geometry converged !
 
 Final MO eigenvalues (eV):
 -37.2410  -34.1016  -29.5975  -24.8567  -21.6727  -21.5205  -16.6400  -15.1980
 -15.1453  -14.6251  -13.4856  -13.3905  -13.1535  -12.1060  -12.0444  -11.7526
 -11.3759  -11.3389  -11.0846    3.7353    3.7406    4.0085    4.2638    4.2649
   4.3829    4.5691    4.6650    4.7365    4.7725    4.9401    4.9690    5.0800
   5.1032    5.1882    5.2161    5.2954    5.3375    5.3893

 Heat of formation   =        -44.93282189 kcal/mol  (       -1.94843337 eV)

 Total SCF energy    =     -22195.88101716 kcal/mol  (     -962.48562583 eV)
 Electronic energy   =    -100383.49388482 kcal/mol  (    -4352.95494058 eV)
 Core-core repulsion =      78187.61286766 kcal/mol  (     3390.46931476 eV)
 
    Atomic Charges for Step       1 :
  Atom    Element       Mulliken Charge
     1      C                 -0.210
     2      H                  0.072
     3      H                  0.072
     4      H                  0.072
     5      C                 -0.159
     6      H                  0.078
     7      H                  0.078
     8      C                 -0.158
     9      H                  0.078
    10      H                  0.078
    11      C                 -0.158
    12      H                  0.078
    13      H                  0.078
    14      C                 -0.159
    15      H                  0.078
    16      H                  0.078
    17      C                 -0.210
    18      H                  0.072
    19      H                  0.072
    20      H                  0.072
 Total Mulliken Charge =       0.000
 
                  X        Y        Z     TOTAL  
  QM DIPOLE     0.000   -0.000   -0.000    0.000
 
 Final Structure

  QMMM: QM Region Cartesian Coordinates (*=link atom) 
  QMMM: QM_NO.   MM_NO.  ATOM         X         Y         Z
  QMMM:     1        1      C        1.3777    2.8333   -0.0004
  QMMM:     2        2      H        0.8510    3.2229    0.9042
  QMMM:     3        3      H        0.8515    3.2221   -0.9056
  QMMM:     4        4      H        2.4207    3.2321   -0.0002
  QMMM:     5        5      C        1.3927    1.3266    0.0003
  QMMM:     6        6      H        1.9469    0.9548   -0.9019
  QMMM:     7        7      H        1.9463    0.9555    0.9030
  QMMM:     8        8      C       -0.0099    0.7566    0.0001
  QMMM:     9        9      H       -0.5647    1.1258   -0.9025
  QMMM:    10       10      H       -0.5650    1.1258    0.9025
  QMMM:    11       11      C        0.0099   -0.7566    0.0001
  QMMM:    12       12      H        0.5648   -1.1258    0.9026
  QMMM:    13       13      H        0.5649   -1.1258   -0.9024
  QMMM:    14       14      C       -1.3927   -1.3266    0.0000
  QMMM:    15       15      H       -1.9466   -0.9551   -0.9025
  QMMM:    16       16      H       -1.9467   -0.9551    0.9024
  QMMM:    17       17      C       -1.3777   -2.8333    0.0001
  QMMM:    18       18      H       -0.8513   -3.2225    0.9050
  QMMM:    19       19      H       -2.4207   -3.2322   -0.0000
  QMMM:    20       20      H       -0.8511   -3.2225   -0.9048

           --------- Calculation Completed ----------

