            --------------------------------------------------------
                             AMBER SQM VERSION 19
 
                                     By
              Ross C. Walker, Michael F. Crowley, Scott Brozell,
                         Tim Giese, Andreas W. Goetz,
                        Tai-Sung Lee and David A. Case
 
            --------------------------------------------------------
 

--------------------------------------------------------------------------------
  QM CALCULATION INFO
--------------------------------------------------------------------------------

| QMMM: Citation for AMBER QMMM Run:
| QMMM: R.C. Walker, M.F. Crowley and D.A. Case, J. COMP. CHEM. 29:1019, 2008

QMMM: SINGLET STATE CALCULATION
QMMM: RHF CALCULATION, NO. OF DOUBLY OCCUPIED LEVELS = 55

| QMMM: *** Selected Hamiltonian *** 
| QMMM: AM1         

| QMMM: *** Parameter sets in use ***
| QMMM: C : M.J.S.DEWAR et al. JACS, 107, 3902, (1985)
| QMMM: H : M.J.S.DEWAR et al. JACS, 107, 3902, (1985)

| QMMM: *** SCF convergence criteria ***
| QMMM: Energy change                :  0.1D-09 kcal/mol
| QMMM: Error matrix |FP-PF|         :  0.1D+00 au
| QMMM: Density matrix change        :  0.5D-06
| QMMM: Maximum number of SCF cycles :     1000

| QMMM: *** Diagonalization Routine Information ***
| QMMM: Pseudo diagonalizations are allowed.
| QMMM: Auto diagonalization routine selection is in use.
| QMMM:
| QMMM: Timing diagonalization routines:
| QMMM:                              norbs =      110
| QMMM:    diag iterations used for timing =       10
| QMMM:
| QMMM:              Internal diag routine = 0.098991 seconds
| QMMM:                 Dspev diag routine = 0.043041 seconds
| QMMM:                Dspevd diag routine = 0.040394 seconds
| QMMM:                Dspevx diag routine = 0.108256 seconds
| QMMM:                 Dsyev diag routine = 0.038047 seconds
| QMMM:                Dsyevd diag routine = 0.036211 seconds
| QMMM:                Dsyevr diag routine = 0.032452 seconds
| QMMM:
| QMMM:                Pseudo diag routine = 0.019492 seconds
| QMMM:
| QMMM: Using dsyevr routine (diag_routine=7).

  QMMM: QM Region Cartesian Coordinates (*=link atom) 
  QMMM: QM_NO.   MM_NO.  ATOM         X         Y         Z
  QMMM:     1        1      C      -10.9380   -0.3460   -0.0000
  QMMM:     2        2      H      -10.9860   -0.9920    0.8860
  QMMM:     3        3      H      -10.9860   -0.9920   -0.8860
  QMMM:     4        4      H      -11.8320    0.2890   -0.0000
  QMMM:     5        5      C       -9.6510    0.4950    0.0000
  QMMM:     6        6      H       -9.6440    1.1560   -0.8800
  QMMM:     7        7      H       -9.6440    1.1560    0.8800
  QMMM:     8        8      C       -8.3700   -0.3580    0.0000
  QMMM:     9        9      H       -8.3760   -1.0200   -0.8800
  QMMM:    10       10      H       -8.3760   -1.0200    0.8800
  QMMM:    11       11      C       -7.0760    0.4760    0.0000
  QMMM:    12       12      H       -7.0710    1.1370    0.8800
  QMMM:    13       13      H       -7.0710    1.1370   -0.8800
  QMMM:    14       14      C       -5.7950   -0.3780    0.0000
  QMMM:    15       15      H       -5.8000   -1.0400   -0.8800
  QMMM:    16       16      H       -5.8000   -1.0400    0.8800
  QMMM:    17       17      C       -4.5020    0.4560    0.0000
  QMMM:    18       18      H       -4.4970    1.1180    0.8800
  QMMM:    19       19      H       -4.4970    1.1180   -0.8800
  QMMM:    20       20      C       -3.2210   -0.3980    0.0000
  QMMM:    21       21      H       -3.2260   -1.0590   -0.8800
  QMMM:    22       22      H       -3.2260   -1.0590    0.8800
  QMMM:    23       23      C       -1.9270    0.4370    0.0000
  QMMM:    24       24      H       -1.9220    1.0980    0.8800
  QMMM:    25       25      H       -1.9220    1.0980   -0.8800
  QMMM:    26       26      C       -0.6470   -0.4170    0.0000
  QMMM:    27       27      H       -0.6520   -1.0790   -0.8800
  QMMM:    28       28      H       -0.6520   -1.0790    0.8800
  QMMM:    29       29      C        0.6470    0.4170    0.0000
  QMMM:    30       30      H        0.6520    1.0790    0.8800
  QMMM:    31       31      H        0.6520    1.0790   -0.8800
  QMMM:    32       32      C        1.9270   -0.4370    0.0000
  QMMM:    33       33      H        1.9220   -1.0980   -0.8800
  QMMM:    34       34      H        1.9220   -1.0980    0.8800
  QMMM:    35       35      C        3.2210    0.3980    0.0000
  QMMM:    36       36      H        3.2260    1.0590    0.8800
  QMMM:    37       37      H        3.2260    1.0590   -0.8800
  QMMM:    38       38      C        4.5020   -0.4560    0.0000
  QMMM:    39       39      H        4.4970   -1.1180   -0.8800
  QMMM:    40       40      H        4.4970   -1.1180    0.8800
  QMMM:    41       41      C        5.7950    0.3780    0.0000
  QMMM:    42       42      H        5.8000    1.0400    0.8800
  QMMM:    43       43      H        5.8000    1.0400   -0.8800
  QMMM:    44       44      C        7.0760   -0.4760    0.0000
  QMMM:    45       45      H        7.0710   -1.1370   -0.8800
  QMMM:    46       46      H        7.0710   -1.1370    0.8800
  QMMM:    47       47      C        8.3700    0.3580    0.0000
  QMMM:    48       48      H        8.3760    1.0200    0.8800
  QMMM:    49       49      H        8.3760    1.0200   -0.8800
  QMMM:    50       50      C        9.6510   -0.4950    0.0000
  QMMM:    51       51      H        9.6440   -1.1560   -0.8800
  QMMM:    52       52      H        9.6440   -1.1560    0.8800
  QMMM:    53       53      C       10.9380    0.3460   -0.0000
  QMMM:    54       54      H       10.9860    0.9920    0.8860
  QMMM:    55       55      H       11.8320   -0.2890   -0.0000
  QMMM:    56       56      H       10.9860    0.9920   -0.8860

--------------------------------------------------------------------------------
  RESULTS
--------------------------------------------------------------------------------

      iter         sqm energy              rms gradient
      ----    -------------------    -----------------------
xmin    10     -127.3109 kcal/mol        0.0259 kcal/(mol*A)
  ... geometry converged !
 
 Final MO eigenvalues (eV):
 -38.2127  -37.7252  -36.9328  -35.8580  -34.5317  -32.9930  -31.2884  -29.4716
 -27.6049  -25.7627  -24.0410  -22.5823  -21.8852  -21.7294  -21.5035  -21.3907
 -21.0479  -21.0179  -17.1335  -16.8809  -16.4832  -15.9664  -15.3640  -15.2436
 -15.2093  -14.8298  -14.8066  -14.7138  -14.2842  -14.0536  -14.0308  -13.6682
 -13.4182  -13.2784  -12.9390  -12.8370  -12.7469  -12.3360  -12.3322  -12.1934
 -11.9666  -11.9169  -11.8773  -11.7208  -11.6694  -11.6239  -11.5949  -11.3626
 -11.3594  -11.2094  -11.1204  -11.0779  -11.0666  -11.0649  -10.9457    3.4726
   3.6460    3.6505    3.6905    3.7593    3.8501    3.8848    3.9593    4.0823
   4.1166    4.1888    4.2149    4.2436    4.2821    4.3530    4.3659    4.4030
   4.4933    4.5245    4.5366    4.6075    4.6324    4.6575    4.6644    4.6788
   4.7411    4.7677    4.7880    4.8155    4.8543    4.8972    4.9005    4.9308
   4.9872    5.0187    5.0421    5.0595    5.1039    5.1293    5.1545    5.1817
   5.2183    5.2261    5.2414    5.2531    5.2821    5.3028    5.3060    5.3083
   5.3323    5.3652    5.3703    5.3999    5.4000    5.4168

 Heat of formation   =       -127.31130630 kcal/mol  (       -5.52063251 eV)

 Total SCF energy    =     -65320.49587990 kcal/mol  (    -2832.50925285 eV)
 Electronic energy   =    -453457.98778787 kcal/mol  (   -19663.41389306 eV)
 Core-core repulsion =     388137.49190797 kcal/mol  (    16830.90464021 eV)
 
    Atomic Charges for Step       1 :
  Atom    Element       Mulliken Charge
     1      C                 -0.210
     2      H                  0.072
     3      H                  0.072
     4      H                  0.072
     5      C                 -0.159
     6      H                  0.078
     7      H                  0.078
     8      C                 -0.158
     9      H                  0.079
    10      H                  0.079
    11      C                 -0.158
    12      H                  0.079
    13      H                  0.079
    14      C                 -0.158
    15      H                  0.079
    16      H                  0.079
    17      C                 -0.158
    18      H                  0.079
    19      H                  0.079
    20      C                 -0.158
    21      H                  0.079
    22      H                  0.079
    23      C                 -0.158
    24      H                  0.079
    25      H                  0.079
    26      C                 -0.158
    27      H                  0.079
    28      H                  0.079
    29      C                 -0.158
    30      H                  0.079
    31      H                  0.079
    32      C                 -0.158
    33      H                  0.079
    34      H                  0.079
    35      C                 -0.158
    36      H                  0.079
    37      H                  0.079
    38      C                 -0.158
    39      H                  0.079
    40      H                  0.079
    41      C                 -0.158
    42      H                  0.079
    43      H                  0.079
    44      C                 -0.158
    45      H                  0.079
    46      H                  0.079
    47      C                 -0.158
    48      H                  0.079
    49      H                  0.079
    50      C                 -0.159
    51      H                  0.078
    52      H                  0.078
    53      C                 -0.210
    54      H                  0.072
    55      H                  0.072
    56      H                  0.072
 Total Mulliken Charge =      -0.000
 
                  X        Y        Z     TOTAL  
  QM DIPOLE    -0.000   -0.000   -0.000    0.000
 
 Final Structure

  QMMM: QM Region Cartesian Coordinates (*=link atom) 
  QMMM: QM_NO.   MM_NO.  ATOM         X         Y         Z
  QMMM:     1        1      C      -10.6228   -0.3407   -0.0001
  QMMM:     2        2      H      -10.6606   -0.9943    0.9048
  QMMM:     3        3      H      -10.6605   -0.9943   -0.9050
  QMMM:     4        4      H      -11.5273    0.3142   -0.0001
  QMMM:     5        5      C       -9.3697    0.4962   -0.0000
  QMMM:     6        6      H       -9.3618    1.1630   -0.9025
  QMMM:     7        7      H       -9.3619    1.1631    0.9024
  QMMM:     8        8      C       -8.1254   -0.3662    0.0001
  QMMM:     9        9      H       -8.1307   -1.0328   -0.9023
  QMMM:    10       10      H       -8.1307   -1.0325    0.9028
  QMMM:    11       11      C       -6.8695    0.4785   -0.0001
  QMMM:    12       12      H       -6.8644    1.1451    0.9024
  QMMM:    13       13      H       -6.8644    1.1447   -0.9028
  QMMM:    14       14      C       -5.6262   -0.3850    0.0001
  QMMM:    15       15      H       -5.6312   -1.0516   -0.9023
  QMMM:    16       16      H       -5.6312   -1.0512    0.9028
  QMMM:    17       17      C       -4.3703    0.4598   -0.0000
  QMMM:    18       18      H       -4.3652    1.1263    0.9025
  QMMM:    19       19      H       -4.3653    1.1261   -0.9027
  QMMM:    20       20      C       -3.1271   -0.4037   -0.0000
  QMMM:    21       21      H       -3.1321   -1.0701   -0.9026
  QMMM:    22       22      H       -3.1321   -1.0702    0.9025
  QMMM:    23       23      C       -1.8711    0.4411    0.0000
  QMMM:    24       24      H       -1.8661    1.1074    0.9027
  QMMM:    25       25      H       -1.8662    1.1076   -0.9025
  QMMM:    26       26      C       -0.6280   -0.4224   -0.0001
  QMMM:    27       27      H       -0.6330   -1.0887   -0.9028
  QMMM:    28       28      H       -0.6330   -1.0890    0.9024
  QMMM:    29       29      C        0.6280    0.4223    0.0000
  QMMM:    30       30      H        0.6330    1.0887    0.9027
  QMMM:    31       31      H        0.6330    1.0888   -0.9025
  QMMM:    32       32      C        1.8711   -0.4412   -0.0000
  QMMM:    33       33      H        1.8661   -1.1076   -0.9026
  QMMM:    34       34      H        1.8662   -1.1076    0.9026
  QMMM:    35       35      C        3.1271    0.4036   -0.0000
  QMMM:    36       36      H        3.1321    1.0701    0.9025
  QMMM:    37       37      H        3.1321    1.0700   -0.9027
  QMMM:    38       38      C        4.3703   -0.4598    0.0000
  QMMM:    39       39      H        4.3654   -1.1263   -0.9025
  QMMM:    40       40      H        4.3653   -1.1262    0.9026
  QMMM:    41       41      C        5.6262    0.3850    0.0001
  QMMM:    42       42      H        5.6312    1.0514    0.9027
  QMMM:    43       43      H        5.6312    1.0515   -0.9025
  QMMM:    44       44      C        6.8695   -0.4784    0.0000
  QMMM:    45       45      H        6.8645   -1.1448   -0.9026
  QMMM:    46       46      H        6.8644   -1.1450    0.9025
  QMMM:    47       47      C        8.1254    0.3663    0.0001
  QMMM:    48       48      H        8.1308    1.0325    0.9028
  QMMM:    49       49      H        8.1307    1.0329   -0.9022
  QMMM:    50       50      C        9.3697   -0.4961   -0.0001
  QMMM:    51       51      H        9.3618   -1.1628   -0.9027
  QMMM:    52       52      H        9.3619   -1.1632    0.9022
  QMMM:    53       53      C       10.6228    0.3408   -0.0000
  QMMM:    54       54      H       10.6606    0.9941    0.9051
  QMMM:    55       55      H       11.5273   -0.3141   -0.0002
  QMMM:    56       56      H       10.6605    0.9946   -0.9048

           --------- Calculation Completed ----------

