            --------------------------------------------------------
                             AMBER SQM VERSION 19
 
                                     By
              Ross C. Walker, Michael F. Crowley, Scott Brozell,
                         Tim Giese, Andreas W. Goetz,
                        Tai-Sung Lee and David A. Case
 
            --------------------------------------------------------
 

--------------------------------------------------------------------------------
  QM CALCULATION INFO
--------------------------------------------------------------------------------

| QMMM: Citation for AMBER QMMM Run:
| QMMM: R.C. Walker, M.F. Crowley and D.A. Case, J. COMP. CHEM. 29:1019, 2008

QMMM: SINGLET STATE CALCULATION
QMMM: RHF CALCULATION, NO. OF DOUBLY OCCUPIED LEVELS = 37

| QMMM: *** Selected Hamiltonian *** 
| QMMM: AM1         

| QMMM: *** Parameter sets in use ***
| QMMM: C : M.J.S.DEWAR et al. JACS, 107, 3902, (1985)
| QMMM: H : M.J.S.DEWAR et al. JACS, 107, 3902, (1985)

| QMMM: *** SCF convergence criteria ***
| QMMM: Energy change                :  0.1D-09 kcal/mol
| QMMM: Error matrix |FP-PF|         :  0.1D+00 au
| QMMM: Density matrix change        :  0.5D-06
| QMMM: Maximum number of SCF cycles :     1000

| QMMM: *** Diagonalization Routine Information ***
| QMMM: Pseudo diagonalizations are allowed.
| QMMM: Auto diagonalization routine selection is in use.
| QMMM:
| QMMM: Timing diagonalization routines:
| QMMM:                              norbs =       74
| QMMM:    diag iterations used for timing =       15
| QMMM:
| QMMM:              Internal diag routine = 0.027925 seconds
| QMMM:                 Dspev diag routine = 0.047481 seconds
| QMMM:                Dspevd diag routine = 0.019367 seconds
| QMMM:                Dspevx diag routine = 0.051983 seconds
| QMMM:                 Dsyev diag routine = 0.016671 seconds
| QMMM:                Dsyevd diag routine = 0.020504 seconds
| QMMM:                Dsyevr diag routine = 0.022274 seconds
| QMMM:
| QMMM:                Pseudo diag routine = 0.009210 seconds
| QMMM:
| QMMM: Using dsyev routine (diag_routine=5).

  QMMM: QM Region Cartesian Coordinates (*=link atom) 
  QMMM: QM_NO.   MM_NO.  ATOM         X         Y         Z
  QMMM:     1        1      C       -0.0910   -7.0850    0.0000
  QMMM:     2        2      H        0.5510   -7.1760    0.8860
  QMMM:     3        3      H        0.5510   -7.1760   -0.8860
  QMMM:     4        4      H       -0.7820   -7.9360    0.0000
  QMMM:     5        5      C       -0.8460   -5.7470    0.0000
  QMMM:     6        6      H       -1.5040   -5.6960   -0.8800
  QMMM:     7        7      H       -1.5040   -5.6960    0.8800
  QMMM:     8        8      C        0.0910   -4.5240    0.0000
  QMMM:     9        9      H        0.7500   -4.5740   -0.8800
  QMMM:    10       10      H        0.7500   -4.5740    0.8800
  QMMM:    11       11      C       -0.6570   -3.1780    0.0000
  QMMM:    12       12      H       -1.3160   -3.1300    0.8800
  QMMM:    13       13      H       -1.3160   -3.1300   -0.8800
  QMMM:    14       14      C        0.2800   -1.9570    0.0000
  QMMM:    15       15      H        0.9390   -2.0050   -0.8800
  QMMM:    16       16      H        0.9390   -2.0050    0.8800
  QMMM:    17       17      C       -0.4680   -0.6110    0.0000
  QMMM:    18       18      H       -1.1280   -0.5620    0.8800
  QMMM:    19       19      H       -1.1280   -0.5620   -0.8800
  QMMM:    20       20      C        0.4680    0.6110    0.0000
  QMMM:    21       21      H        1.1280    0.5620   -0.8800
  QMMM:    22       22      H        1.1280    0.5620    0.8800
  QMMM:    23       23      C       -0.2800    1.9570    0.0000
  QMMM:    24       24      H       -0.9390    2.0050    0.8800
  QMMM:    25       25      H       -0.9390    2.0050   -0.8800
  QMMM:    26       26      C        0.6570    3.1780    0.0000
  QMMM:    27       27      H        1.3160    3.1300   -0.8800
  QMMM:    28       28      H        1.3160    3.1300    0.8800
  QMMM:    29       29      C       -0.0910    4.5240    0.0000
  QMMM:    30       30      H       -0.7500    4.5740    0.8800
  QMMM:    31       31      H       -0.7500    4.5740   -0.8800
  QMMM:    32       32      C        0.8460    5.7470    0.0000
  QMMM:    33       33      H        1.5040    5.6960   -0.8800
  QMMM:    34       34      H        1.5040    5.6960    0.8800
  QMMM:    35       35      C        0.0910    7.0850    0.0000
  QMMM:    36       36      H       -0.5510    7.1760    0.8860
  QMMM:    37       37      H        0.7820    7.9360    0.0000
  QMMM:    38       38      H       -0.5510    7.1760   -0.8860

--------------------------------------------------------------------------------
  RESULTS
--------------------------------------------------------------------------------

      iter         sqm energy              rms gradient
      ----    -------------------    -----------------------
xmin    10      -86.1220 kcal/mol        0.0129 kcal/(mol*A)
  ... geometry converged !
 
 Final MO eigenvalues (eV):
 -38.0291  -37.0207  -35.4140  -33.3057  -30.8300  -28.1570  -25.5015  -23.1639
 -21.8033  -21.6768  -21.2848  -21.0921  -17.0371  -16.5279  -15.7643  -15.2167
 -15.0817  -14.8481  -14.4489  -14.3834  -13.8939  -13.5346  -13.2270  -13.0069
 -12.7214  -12.3451  -12.2668  -11.9158  -11.8776  -11.7155  -11.6530  -11.6355
 -11.3556  -11.1592  -11.0789  -11.0633  -11.0598    3.5361    3.6654    3.7543
   3.8398    3.8902    4.0627    4.1526    4.2265    4.2586    4.2839    4.4451
   4.4619    4.4652    4.6256    4.6465    4.6704    4.6785    4.7258    4.8430
   4.8564    4.8651    4.8938    5.0338    5.0427    5.0530    5.0728    5.1707
   5.1718    5.1957    5.2540    5.2774    5.2872    5.3152    5.3252    5.3759
   5.3899    5.4134

 Heat of formation   =        -86.12200817 kcal/mol  (       -3.73453051 eV)

 Total SCF energy    =     -43758.18839260 kcal/mol  (    -1897.49743691 eV)
 Electronic energy   =    -262467.51078378 kcal/mol  (   -11381.44533124 eV)
 Core-core repulsion =     218709.32239118 kcal/mol  (     9483.94789433 eV)
 
    Atomic Charges for Step       1 :
  Atom    Element       Mulliken Charge
     1      C                 -0.210
     2      H                  0.072
     3      H                  0.072
     4      H                  0.072
     5      C                 -0.159
     6      H                  0.078
     7      H                  0.078
     8      C                 -0.158
     9      H                  0.079
    10      H                  0.079
    11      C                 -0.158
    12      H                  0.079
    13      H                  0.079
    14      C                 -0.158
    15      H                  0.079
    16      H                  0.079
    17      C                 -0.158
    18      H                  0.079
    19      H                  0.079
    20      C                 -0.158
    21      H                  0.079
    22      H                  0.079
    23      C                 -0.158
    24      H                  0.079
    25      H                  0.079
    26      C                 -0.158
    27      H                  0.079
    28      H                  0.079
    29      C                 -0.158
    30      H                  0.079
    31      H                  0.079
    32      C                 -0.159
    33      H                  0.078
    34      H                  0.078
    35      C                 -0.210
    36      H                  0.072
    37      H                  0.072
    38      H                  0.072
 Total Mulliken Charge =       0.000
 
                  X        Y        Z     TOTAL  
  QM DIPOLE    -0.000   -0.000   -0.000    0.000
 
 Final Structure

  QMMM: QM Region Cartesian Coordinates (*=link atom) 
  QMMM: QM_NO.   MM_NO.  ATOM         X         Y         Z
  QMMM:     1        1      C       -0.0843   -6.8835    0.0000
  QMMM:     2        2      H        0.5654   -6.9642    0.9050
  QMMM:     3        3      H        0.5655   -6.9642   -0.9048
  QMMM:     4        4      H       -0.7973   -7.7429   -0.0000
  QMMM:     5        5      C       -0.8369   -5.5781   -0.0000
  QMMM:     6        6      H       -1.5018   -5.5263   -0.9025
  QMMM:     7        7      H       -1.5018   -5.5263    0.9025
  QMMM:     8        8      C        0.1055   -4.3932    0.0000
  QMMM:     9        9      H        0.7702   -4.4424   -0.9024
  QMMM:    10       10      H        0.7701   -4.4423    0.9026
  QMMM:    11       11      C       -0.6547   -3.0844   -0.0000
  QMMM:    12       12      H       -1.3194   -3.0355    0.9025
  QMMM:    13       13      H       -1.3193   -3.0356   -0.9026
  QMMM:    14       14      C        0.2887   -1.9007   -0.0000
  QMMM:    15       15      H        0.9533   -1.9495   -0.9026
  QMMM:    16       16      H        0.9533   -1.9495    0.9026
  QMMM:    17       17      C       -0.4717   -0.5918   -0.0000
  QMMM:    18       18      H       -1.1364   -0.5430    0.9025
  QMMM:    19       19      H       -1.1363   -0.5430   -0.9026
  QMMM:    20       20      C        0.4717    0.5918   -0.0000
  QMMM:    21       21      H        1.1364    0.5430   -0.9026
  QMMM:    22       22      H        1.1364    0.5430    0.9025
  QMMM:    23       23      C       -0.2886    1.9007   -0.0000
  QMMM:    24       24      H       -0.9533    1.9495    0.9025
  QMMM:    25       25      H       -0.9533    1.9495   -0.9026
  QMMM:    26       26      C        0.6547    3.0844    0.0000
  QMMM:    27       27      H        1.3194    3.0355   -0.9025
  QMMM:    28       28      H        1.3193    3.0355    0.9026
  QMMM:    29       29      C       -0.1055    4.3932   -0.0000
  QMMM:    30       30      H       -0.7703    4.4423    0.9024
  QMMM:    31       31      H       -0.7701    4.4424   -0.9026
  QMMM:    32       32      C        0.8369    5.5781    0.0001
  QMMM:    33       33      H        1.5019    5.5263   -0.9023
  QMMM:    34       34      H        1.5017    5.5263    0.9026
  QMMM:    35       35      C        0.0843    6.8835   -0.0000
  QMMM:    36       36      H       -0.5656    6.9642    0.9048
  QMMM:    37       37      H        0.7972    7.7429    0.0001
  QMMM:    38       38      H       -0.5653    6.9642   -0.9050

           --------- Calculation Completed ----------

