            --------------------------------------------------------
                             AMBER SQM VERSION 19
 
                                     By
              Ross C. Walker, Michael F. Crowley, Scott Brozell,
                         Tim Giese, Andreas W. Goetz,
                        Tai-Sung Lee and David A. Case
 
            --------------------------------------------------------
 

--------------------------------------------------------------------------------
  QM CALCULATION INFO
--------------------------------------------------------------------------------

| QMMM: Citation for AMBER QMMM Run:
| QMMM: R.C. Walker, M.F. Crowley and D.A. Case, J. COMP. CHEM. 29:1019, 2008

QMMM: SINGLET STATE CALCULATION
QMMM: RHF CALCULATION, NO. OF DOUBLY OCCUPIED LEVELS = 25

| QMMM: *** Selected Hamiltonian *** 
| QMMM: AM1         

| QMMM: *** Parameter sets in use ***
| QMMM: C : M.J.S.DEWAR et al. JACS, 107, 3902, (1985)
| QMMM: H : M.J.S.DEWAR et al. JACS, 107, 3902, (1985)

| QMMM: *** SCF convergence criteria ***
| QMMM: Energy change                :  0.1D-09 kcal/mol
| QMMM: Error matrix |FP-PF|         :  0.1D+00 au
| QMMM: Density matrix change        :  0.5D-06
| QMMM: Maximum number of SCF cycles :     1000

| QMMM: *** Diagonalization Routine Information ***
| QMMM: Pseudo diagonalizations are allowed.
| QMMM: Auto diagonalization routine selection is in use.
| QMMM:
| QMMM: Timing diagonalization routines:
| QMMM:                              norbs =       50
| QMMM:    diag iterations used for timing =       20
| QMMM:
| QMMM:              Internal diag routine = 0.011535 seconds
| QMMM:                 Dspev diag routine = 0.030629 seconds
| QMMM:                Dspevd diag routine = 0.011460 seconds
| QMMM:                Dspevx diag routine = 0.033937 seconds
| QMMM:                 Dsyev diag routine = 0.017989 seconds
| QMMM:                Dsyevd diag routine = 0.014945 seconds
| QMMM:                Dsyevr diag routine = 0.018442 seconds
| QMMM:
| QMMM:                Pseudo diag routine = 0.004043 seconds
| QMMM:
| QMMM: Using dspevd routine (diag_routine=3).

  QMMM: QM Region Cartesian Coordinates (*=link atom) 
  QMMM: QM_NO.   MM_NO.  ATOM         X         Y         Z
  QMMM:     1        1      C        0.1650    4.5170    0.0000
  QMMM:     2        2      H       -0.4710    4.6440    0.8860
  QMMM:     3        3      H       -0.4710    4.6440   -0.8860
  QMMM:     4        4      H        0.9050    5.3260    0.0000
  QMMM:     5        5      C        0.8410    3.1360    0.0000
  QMMM:     6        6      H        1.4960    3.0480   -0.8800
  QMMM:     7        7      H        1.4960    3.0480    0.8800
  QMMM:     8        8      C       -0.1650    1.9700    0.0000
  QMMM:     9        9      H       -0.8210    2.0580   -0.8800
  QMMM:    10       10      H       -0.8210    2.0580    0.8800
  QMMM:    11       11      C        0.5030    0.5830    0.0000
  QMMM:    12       12      H        1.1590    0.4960    0.8800
  QMMM:    13       13      H        1.1590    0.4960   -0.8800
  QMMM:    14       14      C       -0.5030   -0.5830    0.0000
  QMMM:    15       15      H       -1.1590   -0.4960   -0.8800
  QMMM:    16       16      H       -1.1590   -0.4960    0.8800
  QMMM:    17       17      C        0.1650   -1.9700    0.0000
  QMMM:    18       18      H        0.8210   -2.0580    0.8800
  QMMM:    19       19      H        0.8210   -2.0580   -0.8800
  QMMM:    20       20      C       -0.8410   -3.1360    0.0000
  QMMM:    21       21      H       -1.4960   -3.0480   -0.8800
  QMMM:    22       22      H       -1.4960   -3.0480    0.8800
  QMMM:    23       23      C       -0.1650   -4.5170    0.0000
  QMMM:    24       24      H        0.4710   -4.6440    0.8860
  QMMM:    25       25      H       -0.9050   -5.3260    0.0000
  QMMM:    26       26      H        0.4710   -4.6440   -0.8860

--------------------------------------------------------------------------------
  RESULTS
--------------------------------------------------------------------------------

      iter         sqm energy              rms gradient
      ----    -------------------    -----------------------
xmin    10      -58.6625 kcal/mol        0.0098 kcal/(mol*A)
  ... geometry converged !
 
 Final MO eigenvalues (eV):
 -37.6702  -35.6690  -32.6146  -28.9147  -25.1549  -22.2516  -21.5898  -21.2209
 -16.8533  -15.8868  -15.2259  -14.6795  -14.5783  -14.2573  -13.4388  -13.2525
 -12.6057  -12.4212  -12.1805  -11.8214  -11.6713  -11.4920  -11.2319  -11.1613
 -11.0666    3.6380    3.7007    3.8727    4.0858    4.1260    4.2274    4.4149
   4.4237    4.4808    4.6644    4.7055    4.7237    4.7641    4.8649    4.9944
   5.0225    5.0322    5.0934    5.1766    5.2170    5.2393    5.2902    5.3273
   5.3673    5.4042

 Heat of formation   =        -58.66249093 kcal/mol  (       -2.54379649 eV)

 Total SCF energy    =     -29383.31674924 kcal/mol  (    -1274.15622693 eV)
 Electronic energy   =    -150136.26183113 kcal/mol  (    -6510.39685318 eV)
 Core-core repulsion =     120752.94508188 kcal/mol  (     5236.24062625 eV)
 
    Atomic Charges for Step       1 :
  Atom    Element       Mulliken Charge
     1      C                 -0.210
     2      H                  0.072
     3      H                  0.072
     4      H                  0.072
     5      C                 -0.159
     6      H                  0.078
     7      H                  0.078
     8      C                 -0.158
     9      H                  0.079
    10      H                  0.079
    11      C                 -0.158
    12      H                  0.079
    13      H                  0.079
    14      C                 -0.158
    15      H                  0.079
    16      H                  0.079
    17      C                 -0.158
    18      H                  0.079
    19      H                  0.079
    20      C                 -0.159
    21      H                  0.078
    22      H                  0.078
    23      C                 -0.210
    24      H                  0.072
    25      H                  0.072
    26      H                  0.072
 Total Mulliken Charge =      -0.000
 
                  X        Y        Z     TOTAL  
  QM DIPOLE     0.000   -0.000   -0.000    0.000
 
 Final Structure

  QMMM: QM Region Cartesian Coordinates (*=link atom) 
  QMMM: QM_NO.   MM_NO.  ATOM         X         Y         Z
  QMMM:     1        1      C        0.1546    4.3894   -0.0001
  QMMM:     2        2      H       -0.4893    4.5074    0.9049
  QMMM:     3        3      H       -0.4895    4.5074   -0.9049
  QMMM:     4        4      H        0.9159    5.2063   -0.0001
  QMMM:     5        5      C        0.8306    3.0427   -0.0001
  QMMM:     6        6      H        1.4914    2.9527   -0.9026
  QMMM:     7        7      H        1.4915    2.9528    0.9023
  QMMM:     8        8      C       -0.1785    1.9141    0.0000
  QMMM:     9        9      H       -0.8393    2.0016   -0.9024
  QMMM:    10       10      H       -0.8391    2.0016    0.9026
  QMMM:    11       11      C        0.5049    0.5637   -0.0000
  QMMM:    12       12      H        1.1658    0.4766    0.9025
  QMMM:    13       13      H        1.1656    0.4766   -0.9026
  QMMM:    14       14      C       -0.5050   -0.5637    0.0001
  QMMM:    15       15      H       -1.1659   -0.4766   -0.9024
  QMMM:    16       16      H       -1.1657   -0.4766    0.9027
  QMMM:    17       17      C        0.1785   -1.9141    0.0000
  QMMM:    18       18      H        0.8394   -2.0015    0.9024
  QMMM:    19       19      H        0.8390   -2.0016   -0.9026
  QMMM:    20       20      C       -0.8306   -3.0428    0.0003
  QMMM:    21       21      H       -1.4918   -2.9527   -0.9020
  QMMM:    22       22      H       -1.4911   -2.9529    0.9030
  QMMM:    23       23      C       -0.1545   -4.3894   -0.0002
  QMMM:    24       24      H        0.4899   -4.5075    0.9044
  QMMM:    25       25      H       -0.9158   -5.2063    0.0001
  QMMM:    26       26      H        0.4891   -4.5073   -0.9054

           --------- Calculation Completed ----------

